================================================================
======== txAdmin v7.3.2 atop fxserver 12949 Starting - 01/03/2025 10:44:20
================================================================
[10:45:09][SergioBole] created admins file
[10:45:30][SergioBole] Changing global settings via setup stepper and started Deployer.
[10:45:38][SergioBole] Setting recipe.
[10:46:08][SergioBole] Running recipe.
================================================================
======== txAdmin v7.3.2 atop fxserver 13079 Starting - 01/03/2025 10:48:50
================================================================
[10:49:04][SergioBole] logged in from 127.0.0.1 via cfxre
[10:49:33][SergioBole] Changing global settings via setup stepper and started Deployer.
[10:49:36][SergioBole] Setting recipe.
[10:49:51][SergioBole] Running recipe.
[10:55:24][SergioBole] Completed and committed server deploy.
================================================================
======== txAdmin v7.3.2 atop fxserver 13079 Starting - 01/03/2025 11:05:49
================================================================
================================================================
======== txAdmin v7.3.2 atop fxserver 13079 Starting - 01/03/2025 11:10:25
================================================================
