[             TXADMIN] ================================================================ 
[             TXADMIN] ======== [18048] FXServer Starting - 01/03/2025 10:55:24         
[             TXADMIN] ================================================================ 
[           resources] Scanning resources.
[           resources] Found 177 resources.
[          svadhesive] Authenticating server license key...
[          svadhesive] Server license key authentication succeeded. Welcome!
[    c-scripting-core] Creating script environments for sessionmanager
[           resources] Started resource sessionmanager
[    c-scripting-core] Creating script environments for monitor
[      script:monitor] [txAdmin] Resource v7.3.2 threads and commands set up. All Ready.
[           resources] Started resource monitor
[resources:K9addon:st] Asset K9addon/a_c_k9^head_diff_000_a_whi.ytd uses 32.0 MiB of physical memory.
[resources:K9addon:st] Asset K9addon/a_c_k9^head_diff_000_b_whi.ytd uses 32.0 MiB of physical memory.
[resources:K9addon:st] Asset K9addon/a_c_k9^head_diff_000_c_whi.ytd uses 32.0 MiB of physical memory.
[resources:K9addon:st] Asset K9addon/a_c_k9^head_diff_000_d_whi.ytd uses 32.0 MiB of physical memory.
[           resources] Started resource K9addon (4 warnings)
[           resources] Started resource dealer_map
[           resources] Started resource gordela_petshop
[           resources] Started resource gordela_props
[resources:gordela_sh] Asset gordela_shells_free/gg_shell_03.ydr uses 24.8 MiB of physical memory.
[resources:gordela_sh] Asset gordela_shells_free/gg_shell_04.ydr uses 30.2 MiB of physical memory.
[resources:gordela_sh] Asset gordela_shells_free/gg_shells_favela.ytd uses 96.0 MiB of physical memory. Oversized assets can and WILL lead to streaming issues (such as models not loading/rendering).
[           resources] Started resource gordela_shells_free (3 warnings)
[           resources] Started resource hospital_map
[           resources] Started resource prison_canteen
[resources:prison_mai] Asset prison_main/desertos_prison.ytd uses 30.5 MiB of physical memory.
[           resources] Started resource prison_main (1 warning)
[           resources] Started resource prison_meeting
[    c-scripting-core] Creating script environments for mapmanager
[           resources] Started resource mapmanager
[           resources] Started resource spawnmanager
[    c-scripting-core] Creating script environments for hardcap
[           resources] Started resource hardcap
[    c-scripting-core] Creating script environments for baseevents
[           resources] Started resource baseevents
[    c-scripting-core] Creating script environments for ox_lib
[           resources] Started resource ox_lib
[    c-scripting-core] Creating script environments for oxmysql
[           resources] Started resource oxmysql
[    c-scripting-core] Creating script environments for qbx_core
[     script:qbx_core] [qbx_core] [INFO] Stopping hardcap...
[           resources] Stopping resource hardcap
[           resources] Started resource qbx_core
[    c-scripting-core] Creating script environments for ox_target
[           resources] Started resource ox_target
[    c-scripting-core] Creating script environments for ox_doorlock
[           resources] Started resource ox_doorlock
[    c-scripting-core] Creating script environments for ox_inventory
[           resources] Started resource ox_inventory
[    c-scripting-core] Creating script environments for qbx_adminmenu
[           resources] Started resource qbx_adminmenu
[    c-scripting-core] Creating script environments for qbx_bankrobbery
[           resources] Started resource qbx_bankrobbery
[    c-scripting-core] Creating script environments for qbx_binoculars
[           resources] Started resource qbx_binoculars
[    c-scripting-core] Creating script environments for qbx_cityhall
[           resources] Started resource qbx_cityhall
[    c-scripting-core] Creating script environments for qbx_customs
[           resources] Started resource qbx_customs
[           resources] Started resource qbx_density
[    c-scripting-core] Creating script environments for qbx_drugs
[           resources] Started resource qbx_drugs
[    c-scripting-core] Creating script environments for qbx_fireworks
[           resources] Started resource qbx_fireworks
[    c-scripting-core] Creating script environments for qbx_garbagejob
[           resources] Started resource qbx_garbagejob
[    c-scripting-core] Creating script environments for qbx_houserobbery
[           resources] Started resource qbx_houserobbery
[           resources] Started resource MugShotBase64
[    c-scripting-core] Creating script environments for qbx_idcard
[           resources] Started resource qbx_idcard
[    c-scripting-core] Creating script environments for qbx_interior
[           resources] Started resource qbx_interior
[    c-scripting-core] Creating script environments for qbx_jewelery
[           resources] Started resource qbx_jewelery
[           resources] Started resource qbx_lockpick
[    c-scripting-core] Creating script environments for qbx_management
[           resources] Started resource qbx_management
[    c-scripting-core] Creating script environments for qbx_mechanicjob
[           resources] Started resource qbx_mechanicjob
[    c-scripting-core] Creating script environments for qbx_pawnshop
[           resources] Started resource qbx_pawnshop
[    c-scripting-core] Creating script environments for qbx_photomode
[           resources] Started resource qbx_photomode
[    c-scripting-core] Creating script environments for qbx_properties
[           resources] Started resource qbx_properties
[    c-scripting-core] Creating script environments for qbx_radialmenu
[           resources] Started resource qbx_radialmenu
[    c-scripting-core] Creating script environments for qbx_recyclejob
[           resources] Started resource qbx_recyclejob
[    c-scripting-core] Creating script environments for qbx_scrapyard
[           resources] Started resource qbx_scrapyard
[    c-scripting-core] Creating script environments for qbx_seatbelt
[           resources] Started resource qbx_seatbelt
[    c-scripting-core] Creating script environments for qbx_smallresources
[           resources] Started resource qbx_smallresources
[    c-scripting-core] Creating script environments for qbx_spawn
[           resources] Started resource qbx_spawn
[    c-scripting-core] Creating script environments for qbx_towjob
[           resources] Started resource qbx_towjob
[    c-scripting-core] Creating script environments for qbx_truckrobbery
[           resources] Started resource qbx_truckrobbery
[    c-scripting-core] Creating script environments for qbx_vehiclefailure
[           resources] Started resource qbx_vehiclefailure
[    c-scripting-core] Creating script environments for qbx_vehicles
[           resources] Started resource qbx_vehicles
[    c-scripting-core] Creating script environments for qbx_vehiclesales
[           resources] Started resource qbx_vehiclesales
[    c-scripting-core] Creating script environments for qbx_vehicleshop
[           resources] Started resource qbx_vehicleshop
[    c-scripting-core] Creating script environments for PolyZone
[           resources] Started resource PolyZone
[    c-scripting-core] Creating script environments for Renewed-Weathersync
[           resources] Started resource Renewed-Weathersync
[    c-scripting-core] Creating script environments for bl_bridge
[    script:bl_bridge] [ox] Loaded module inventory
[    script:bl_bridge] [qb] Loaded module core
[    script:bl_bridge] [ox] Loaded module notify
[           resources] Started resource bl_bridge
[           resources] Started resource bob74_ipl
[           resources] Started resource cfx-anes-gates
[    c-scripting-core] Creating script environments for screenshot-basic
[           resources] Started resource screenshot-basic
[    c-scripting-core] Creating script environments for discord-screenshot
[           resources] Started resource discord-screenshot
[           resources] Started resource fivem-freecam
[    c-scripting-core] Creating script environments for fm-logs
[      script:fm-logs] --------------------------------------------------
[      script:fm-logs] |                                                |
[      script:fm-logs] |                 FIVEMERR LOGGER                |
[      script:fm-logs] |                   NOT STARTED                  |
[      script:fm-logs] |                  VERSION 1.0.2                 |
[      script:fm-logs] |                                                |
[      script:fm-logs] --------------------------------------------------
[           resources] Started resource fm-logs
[    c-scripting-core] Creating script environments for illenium-appearance
[           resources] Started resource illenium-appearance
[    c-scripting-core] Creating script environments for interact-sound
[           resources] Started resource interact-sound
[           resources] Started resource mhacking
[           resources] Started resource safecracker
[    c-scripting-core] Creating script environments for scully_emotemenu
[script:scully_emotem] [scully_emotemenu] [INFO] Prop dump created.
[           resources] Started resource scully_emotemenu
[    c-scripting-core] Creating script environments for ultra-voltlab
[           resources] Started resource ultra-voltlab
[    c-scripting-core] Creating script environments for pma-voice
[           resources] Started resource pma-voice
[    c-scripting-core] Creating script environments for mm_radio
[           resources] Started resource mm_radio
[    c-scripting-core] Creating script environments for npwd_qbx_mail
[           resources] Started resource npwd_qbx_mail
[    c-scripting-core] Creating script environments for qbx_npwd
[           resources] Started resource qbx_npwd
[    c-scripting-core] Creating script environments for npwd
[           resources] Started resource npwd
[    c-scripting-core] Creating script environments for ND_Police
[           resources] Started resource ND_Police
[           resources] Started resource RageUI
[    c-scripting-core] Creating script environments for Syn_Sit
[           resources] Started resource Syn_Sit
[    c-scripting-core] Creating script environments for angelicxs-CivilianJobs
[           resources] Started resource angelicxs-CivilianJobs
[    c-scripting-core] Creating script environments for ars_ambulancejob
[           resources] Started resource ars_ambulancejob
[    c-scripting-core] Creating script environments for ars_hunting
[           resources] Started resource ars_hunting
[           resources] Started resource cdn-fool
[    c-scripting-core] Creating script environments for cdn-fuel
[           resources] Started resource cdn-fuel
[           resources] Started resource crouch_crawl
[    c-scripting-core] Creating script environments for cuchi_computer
[           resources] Started resource cuchi_computer
[    c-scripting-core] Creating script environments for cw-driftchip
[           resources] Started resource cw-driftchip
[    c-scripting-core] Creating script environments for cw-performance
[           resources] Started resource cw-performance
[    c-scripting-core] Creating script environments for cw-racingapp
[           resources] Started resource cw-racingapp
[    c-scripting-core] Creating script environments for cw-rep
[           resources] Started resource cw-rep
[    c-scripting-core] Creating script environments for dom_trucking
[           resources] Started resource dom_trucking
[    c-scripting-core] Creating script environments for hookers
[           resources] Started resource hookers
[           resources] Started resource idle
[    c-scripting-core] Creating script environments for it-drugs
[     script:it-drugs] [it-drugs] [INFO] Waiting for Database to be setup
[           resources] Started resource it-drugs
[    c-scripting-core] Creating script environments for jim-mining
[           resources] Started resource jim-mining
[    c-scripting-core] Creating script environments for jim-trains
[   script:jim-trains] Bridge: 'ox_inventory' export found 
[   script:jim-trains] Bridge: 'qb-target' export found 
[   script:jim-trains] Bridge: 'qbx_core' export found 
[   script:jim-trains] Bridge: 'ox_lib' export found 
[   script:jim-trains] Bridge: 'qb-core' export found 
[   script:jim-trains] Bridge: 'ox_target' export found 
[   script:jim-trains] Bridge: Loading 528 Items from ox_inventory
[   script:jim-trains] Bridge: Loading 882 Vehicles from qb-core
[   script:jim-trains] Bridge: Loading 1 Jobs from qbx_core	Bridge: Loading 1 Gangs from qbx_core
[           resources] Started resource jim-trains
[           resources] Started resource jim_bridge
[    c-scripting-core] Creating script environments for kloud-farmjob
[           resources] Started resource kloud-farmjob
[    c-scripting-core] Creating script environments for lunar_fishing
[           resources] Started resource lunar_fishing
[    c-scripting-core] Creating script environments for lvc
[           resources] Started resource lvc
[    c-scripting-core] Creating script environments for maji-gasdelivery
[           resources] Started resource maji-gasdelivery
[    c-scripting-core] Creating script environments for mri_Qbackpack
[           resources] Started resource mri_Qbackpack
[    c-scripting-core] Creating script environments for mri_Qblackout
[           resources] Started resource mri_Qblackout
[    c-scripting-core] Creating script environments for mri_Qblips
[           resources] Started resource mri_Qblips
[    c-scripting-core] Creating script environments for mri_Qboombox
[ script:mri_Qboombox] Recurso mri_Qboombox iniciado. Verificando/criando tabelas...
[resources:mri_Qboomb] Asset mri_Qboombox/gordela_boombox3.ydr uses 32.0 MiB of virtual memory.
[           resources] Started resource mri_Qboombox (1 warning)
[    c-scripting-core] Creating script environments for mri_Qbox
[           resources] Started resource mri_Qbox
[    c-scripting-core] Creating script environments for mri_Qcarkeys
[           resources] Started resource mri_Qcarkeys
[    c-scripting-core] Creating script environments for mri_Qcarwash
[           resources] Started resource mri_Qcarwash
[    c-scripting-core] Creating script environments for mri_Qchat
[           resources] Started resource mri_Qchat
[    c-scripting-core] Creating script environments for mri_Qcrafting
[           resources] Started resource mri_Qcrafting
[    c-scripting-core] Creating script environments for mri_Qdraw
[           resources] Started resource mri_Qdraw
[    c-scripting-core] Creating script environments for mri_Qelevators
[           resources] Started resource mri_Qelevators
[    c-scripting-core] Creating script environments for mri_QexoticPaints
[           resources] Started resource mri_QexoticPaints
[    c-scripting-core] Creating script environments for mri_Qfarm
[    script:mri_Qfarm] Recurso mri_Qfarm iniciado. Verificando/criando tabelas...
[           resources] Started resource mri_Qfarm
[    c-scripting-core] Creating script environments for mri_Qfleecaheist
[           resources] Started resource mri_Qfleecaheist
[    c-scripting-core] Creating script environments for mri_Qfps
[           resources] Started resource mri_Qfps
[    c-scripting-core] Creating script environments for mri_Qhud
[           resources] Started resource mri_Qhud
[    c-scripting-core] Creating script environments for mri_Qjobcenter
[           resources] Started resource mri_Qjobcenter
[    c-scripting-core] Creating script environments for mri_Qjobsystem
[           resources] Started resource mri_Qjobsystem
[           resources] Started resource mri_Qloadscreen
[    c-scripting-core] Creating script environments for mri_Qmarkerplacer
[           resources] Started resource mri_Qmarkerplacer
[           resources] Started resource mri_Qminigames
[    c-scripting-core] Creating script environments for mri_Qnitro
[           resources] Started resource mri_Qnitro
[    c-scripting-core] Creating script environments for mri_Qnpc
[           resources] Started resource mri_Qnpc
[    c-scripting-core] Creating script environments for mri_Qobjects
[           resources] Started resource mri_Qobjects
[    c-scripting-core] Creating script environments for mri_Qpaintjob
[           resources] Started resource mri_Qpaintjob
[    c-scripting-core] Creating script environments for mri_Qpets
[           resources] Started resource mri_Qpets
[    c-scripting-core] Creating script environments for mri_Qrobnpcs
[           resources] Started resource mri_Qrobnpcs
[    c-scripting-core] Creating script environments for mri_Qsafezones
[           resources] Started resource mri_Qsafezones
[    c-scripting-core] Creating script environments for mri_Qspotlights
[           resources] Started resource mri_Qspotlights
[    c-scripting-core] Creating script environments for mri_Qstarterpack
[           resources] Started resource mri_Qstarterpack
[    c-scripting-core] Creating script environments for mri_Qstashes
[           resources] Started resource mri_Qstashes
[    c-scripting-core] Creating script environments for mri_Qstorerobbery
[           resources] Started resource mri_Qstorerobbery
[           resources] Started resource mri_Qvehcontrol
[    c-scripting-core] Creating script environments for mri_Qvinewood
[script:mri_Qvinewood] [mri_Qvinewood] Framework found: qbcore
[           resources] Started resource mri_Qvinewood
[    c-scripting-core] Creating script environments for mri_Qwhitelist
[script:mri_Qwhitelis] Warning: could not load 'locales/en.json'
[script:mri_Qwhitelis] Warning: could not load 'locales/pt-br.json'
[           resources] Started resource mri_Qwhitelist
[    c-scripting-core] Creating script environments for object_gizmo
[           resources] Started resource object_gizmo
[    c-scripting-core] Creating script environments for ox_compat
[           resources] Started resource ox_compat
[    c-scripting-core] Creating script environments for pickle_prisons
[           resources] Started resource pickle_prisons
[    c-scripting-core] Creating script environments for pickle_waypoints
[           resources] Started resource pickle_waypoints
[    c-scripting-core] Creating script environments for pickle_weaponthrowing
[           resources] Started resource pickle_weaponthrowing
[    c-scripting-core] Creating script environments for ps-adminmenu
[           resources] Started resource ps-adminmenu
[    c-scripting-core] Creating script environments for ps-banking
[           resources] Started resource ps-banking
[    c-scripting-core] Creating script environments for ps-buffs
[           resources] Started resource ps-buffs
[    c-scripting-core] Creating script environments for ps-dispatch
[           resources] Started resource ps-dispatch
[    c-scripting-core] Creating script environments for ps-housing
[           resources] Started resource ps-housing
[    c-scripting-core] Creating script environments for ps-mdt
[           resources] Started resource ps-mdt
[    c-scripting-core] Creating script environments for ps-realtor
[           resources] Started resource ps-realtor
[    c-scripting-core] Creating script environments for randol_cargo
[           resources] Started resource randol_cargo
[    c-scripting-core] Creating script environments for randol_carheist
[           resources] Started resource randol_carheist
[    c-scripting-core] Creating script environments for randol_carmeet
[           resources] Started resource randol_carmeet
[    c-scripting-core] Creating script environments for randol_cityworker
[           resources] Started resource randol_cityworker
[    c-scripting-core] Creating script environments for randol_combatlog
[           resources] Started resource randol_combatlog
[    c-scripting-core] Creating script environments for randol_exporting
[           resources] Started resource randol_exporting
[    c-scripting-core] Creating script environments for randol_ghosthunting
[           resources] Started resource randol_ghosthunting
[    c-scripting-core] Creating script environments for randol_gscache
[           resources] Started resource randol_gscache
[    c-scripting-core] Creating script environments for randol_notes
[           resources] Started resource randol_notes
[    c-scripting-core] Creating script environments for randol_stresszones
[           resources] Started resource randol_stresszones
[           resources] Started resource rep-enginewire
[    c-scripting-core] Creating script environments for rep-talkNPC
[           resources] Started resource rep-talkNPC
[    c-scripting-core] Creating script environments for rhd_garage
[           resources] Started resource rhd_garage
[ citizen-server-main] Warning: The players.json endpoint has been modified to no longer return the player identifiers without authentication.
[ citizen-server-main] To learn more about this change read our announcement at https://aka.cfx.re/players-json-privacy
[     script:mri_Qbox] Servidor de métricas rodando na porta 9100
[script:scully_emotem] [scully_emotemenu] [ERROR] Currently unable to run a version check.
[   script:jim-trains] 'jim_bridge' - You are running the latest version. (1.0.14)
[   script:jim-trains] Version Check: Running: 1.0 Latest: 1.0
[   script:jim-trains] 'jim-trains' - You are running the latest version. (1.0)
[ citizen-server-impl] server thread hitch warning: timer interval of 2046 milliseconds
[     script:cdn-fuel] 
[     script:cdn-fuel] ----------------------------------------------------------------------------------
[     script:cdn-fuel] cdn-fuel (cdn-fuel)'s latest version is: 2.1.9!
[     script:cdn-fuel] Your current version: 2.1.9!
[     script:cdn-fuel] If needed, update from https://github.com/CodineDev/cdn-fuel
[     script:cdn-fuel] ----------------------------------------------------------------------------------
[      script:oxmysql] [10.4.32-MariaDB] Database server connection established!
[script:mri_Qwhitelis] [mri_Qbox] Deployed database table for mri_qwhitelist
[ script:mri_Qboombox] Tabela verificada/criada: 1
[   script:ps-housing] Tabela `properties` carregada com sucesso!
[    script:mri_Qfarm] Tabela verificada/criada: 1
[    script:mri_Qfarm] Todas as tabelas foram verificadas/criadas.
[       script:ox_lib] An update is available for mm_radio (current version: 2.0.6)
[       script:ox_lib] https://github.com/SOH69/mm_radio/releases/tag/v2.0.7
[       script:ox_lib] An update is available for illenium-appearance (current version: 5.6.1)
[       script:ox_lib] https://github.com/iLLeniumStudios/illenium-appearance/releases/tag/v5.7.0
[       script:ox_lib] An update is available for ox_doorlock (current version: 1.16.1)
[       script:ox_lib] https://github.com/overextended/ox_doorlock/releases/tag/v1.18.0
[script:kloud-farmjob] QB Core found! Loading QB Core functions
[       script:ox_lib] An update is available for qbx_management (current version: 1.1.0)
[       script:ox_lib] https://github.com/Qbox-project/qbx_management/releases/tag/v1.3.3
[       script:ox_lib] An update is available for qbx_vehicles (current version: 1.4.1)
[       script:ox_lib] https://github.com/Qbox-project/qbx_vehicles/releases/tag/v1.4.2
[       script:ox_lib] An update is available for qbx_fireworks (current version: 1.2.1)
[       script:ox_lib] https://github.com/Qbox-project/qbx_fireworks/releases/tag/v1.3.0
[ script:mri_Qboombox] Tabela verificada/criada: 2
[      script:oxmysql] [10.4.32-MariaDB] it-drugs took 207.5346ms to execute a query!
[      script:oxmysql] ALTER TABLE drug_plants ADD IF NOT EXISTS fertilizer DOUBLE NOT NULL DEFAULT 0;
[      script:oxmysql] [10.4.32-MariaDB] it-drugs took 241.2734ms to execute a query!
[      script:oxmysql] ALTER TABLE drug_plants ADD IF NOT EXISTS water DOUBLE NOT NULL DEFAULT 0;
[ citizen-server-impl]         fff                          
[ citizen-server-impl]   cccc ff   xx  xx     rr rr    eee  
[ citizen-server-impl] cc     ffff   xx       rrr  r ee   e 
[ citizen-server-impl] cc     ff     xx   ... rr     eeeee  
[ citizen-server-impl]  ccccc ff   xx  xx ... rr      eeeee 
[ citizen-server-impl]                                      
[ citizen-server-impl] Authenticated with cfx.re Nucleus: https://sergiobole-zy774d.users.cfx.re/
[      script:oxmysql] [10.4.32-MariaDB] it-drugs took 252.9539ms to execute a query!
[      script:oxmysql] ALTER TABLE drug_plants ADD IF NOT EXISTS growtime INT(11) NOT NULL;
[script:mri_Qwhitelis] [mri_Qbox] Deployed database table for mri_qwhitelistcfg
[ script:mri_Qboombox] Tabela verificada/criada: 3
[     script:qbx_core] [qbx_core] [INFO] Removed invalid groups from player_groups table
[ script:mri_Qboombox] Tabela verificada/criada: 4
[ script:mri_Qboombox] Todas as tabelas foram verificadas/criadas.
[ script:ox_inventory] [ox_inventory] [INFO] Inventory has loaded 528 items
[script:kloud-farmjob] Thanks for using my script! For support and questions join my Discord Server! 
[script:kloud-farmjob] https://discord.gg/hpmN8D4JZt
[          script:lvc] 
[          script:lvc] 	 ________________________________________________________
[          script:lvc] 	|	      __                       ___               |
[          script:lvc] 	|	     / /       /\   /\        / __\              |
[          script:lvc] 	|	    / /        \ \ / /       / /                 |
[          script:lvc] 	|	   / /___       \ V /       / /___               |
[          script:lvc] 	|	   \____/uxart   \_/ ehicle \____/ontrol         |
[          script:lvc] 	|	                                                 |
[          script:lvc] 	|	            COMMUNITY ID: qbox                   |
[          script:lvc] 	|________________________________________________________|
[          script:lvc] 	|	           INSTALLED: 3.2.9                      |
[          script:lvc] 	|	       LATEST STABLE: 3.2.9                      |
[          script:lvc] 	|________________________________________________________|
[          script:lvc] 	|      Updates, Support, Feedback: discord.link/LVC      |
[          script:lvc] 	|________________________________________________________|
[          script:lvc] 
[          script:lvc] 
[ citizen-server-main] -> Quitting: SIGHUP received
[             TXADMIN] ================================================================ 
[             TXADMIN] ======== [2656] FXServer Starting - 01/03/2025 11:05:50          
[             TXADMIN] ================================================================ 
[           resources] Scanning resources.
[           resources] Found 182 resources.
[          svadhesive] Authenticating server license key...
[          svadhesive] Server license key authentication succeeded. Welcome!
[    c-scripting-core] Creating script environments for sessionmanager
[           resources] Started resource sessionmanager
[    c-scripting-core] Creating script environments for monitor
[      script:monitor] [txAdmin] Resource v7.3.2 threads and commands set up. All Ready.
[           resources] Started resource monitor
[resources:K9addon:st] Asset K9addon/a_c_k9^head_diff_000_a_whi.ytd uses 32.0 MiB of physical memory.
[resources:K9addon:st] Asset K9addon/a_c_k9^head_diff_000_b_whi.ytd uses 32.0 MiB of physical memory.
[resources:K9addon:st] Asset K9addon/a_c_k9^head_diff_000_c_whi.ytd uses 32.0 MiB of physical memory.
[resources:K9addon:st] Asset K9addon/a_c_k9^head_diff_000_d_whi.ytd uses 32.0 MiB of physical memory.
[           resources] Started resource K9addon (4 warnings)
[           resources] Started resource dealer_map
[           resources] Started resource gordela_petshop
[           resources] Started resource gordela_props
[resources:gordela_sh] Asset gordela_shells_free/gg_shell_03.ydr uses 24.8 MiB of physical memory.
[resources:gordela_sh] Asset gordela_shells_free/gg_shell_04.ydr uses 30.2 MiB of physical memory.
[resources:gordela_sh] Asset gordela_shells_free/gg_shells_favela.ytd uses 96.0 MiB of physical memory. Oversized assets can and WILL lead to streaming issues (such as models not loading/rendering).
[           resources] Started resource gordela_shells_free (3 warnings)
[           resources] Started resource hospital_map
[           resources] Started resource prison_canteen
[resources:prison_mai] Asset prison_main/desertos_prison.ytd uses 30.5 MiB of physical memory.
[           resources] Started resource prison_main (1 warning)
[           resources] Started resource prison_meeting
[    c-scripting-core] Creating script environments for mapmanager
[           resources] Started resource mapmanager
[           resources] Started resource spawnmanager
[    c-scripting-core] Creating script environments for hardcap
[           resources] Started resource hardcap
[    c-scripting-core] Creating script environments for baseevents
[           resources] Started resource baseevents
[    c-scripting-core] Creating script environments for ox_lib
[           resources] Started resource ox_lib
[    c-scripting-core] Creating script environments for oxmysql
[           resources] Started resource oxmysql
[    c-scripting-core] Creating script environments for qbx_core
[     script:qbx_core] [qbx_core] [INFO] Stopping hardcap...
[           resources] Stopping resource hardcap
[           resources] Started resource qbx_core
[    c-scripting-core] Creating script environments for ox_target
[           resources] Started resource ox_target
[    c-scripting-core] Creating script environments for ox_doorlock
[           resources] Started resource ox_doorlock
[    c-scripting-core] Creating script environments for ox_inventory
[           resources] Started resource ox_inventory
[    c-scripting-core] Creating script environments for qbx_adminmenu
[           resources] Started resource qbx_adminmenu
[    c-scripting-core] Creating script environments for qbx_bankrobbery
[           resources] Started resource qbx_bankrobbery
[    c-scripting-core] Creating script environments for qbx_binoculars
[           resources] Started resource qbx_binoculars
[    c-scripting-core] Creating script environments for qbx_cityhall
[           resources] Started resource qbx_cityhall
[    c-scripting-core] Creating script environments for qbx_customs
[           resources] Started resource qbx_customs
[           resources] Started resource qbx_density
[    c-scripting-core] Creating script environments for qbx_drugs
[           resources] Started resource qbx_drugs
[    c-scripting-core] Creating script environments for qbx_fireworks
[           resources] Started resource qbx_fireworks
[    c-scripting-core] Creating script environments for qbx_garbagejob
[           resources] Started resource qbx_garbagejob
[    c-scripting-core] Creating script environments for qbx_houserobbery
[           resources] Started resource qbx_houserobbery
[           resources] Started resource MugShotBase64
[    c-scripting-core] Creating script environments for qbx_idcard
[           resources] Started resource qbx_idcard
[    c-scripting-core] Creating script environments for qbx_interior
[           resources] Started resource qbx_interior
[    c-scripting-core] Creating script environments for qbx_jewelery
[           resources] Started resource qbx_jewelery
[           resources] Started resource qbx_lockpick
[    c-scripting-core] Creating script environments for qbx_management
[           resources] Started resource qbx_management
[    c-scripting-core] Creating script environments for qbx_mechanicjob
[           resources] Started resource qbx_mechanicjob
[    c-scripting-core] Creating script environments for qbx_pawnshop
[           resources] Started resource qbx_pawnshop
[    c-scripting-core] Creating script environments for qbx_photomode
[           resources] Started resource qbx_photomode
[    c-scripting-core] Creating script environments for qbx_properties
[           resources] Started resource qbx_properties
[    c-scripting-core] Creating script environments for qbx_radialmenu
[           resources] Started resource qbx_radialmenu
[    c-scripting-core] Creating script environments for qbx_recyclejob
[           resources] Started resource qbx_recyclejob
[    c-scripting-core] Creating script environments for qbx_scrapyard
[           resources] Started resource qbx_scrapyard
[    c-scripting-core] Creating script environments for qbx_seatbelt
[           resources] Started resource qbx_seatbelt
[    c-scripting-core] Creating script environments for qbx_smallresources
[           resources] Started resource qbx_smallresources
[    c-scripting-core] Creating script environments for qbx_spawn
[           resources] Started resource qbx_spawn
[    c-scripting-core] Creating script environments for qbx_towjob
[           resources] Started resource qbx_towjob
[    c-scripting-core] Creating script environments for qbx_truckrobbery
[           resources] Started resource qbx_truckrobbery
[    c-scripting-core] Creating script environments for qbx_vehiclefailure
[           resources] Started resource qbx_vehiclefailure
[    c-scripting-core] Creating script environments for qbx_vehicles
[           resources] Started resource qbx_vehicles
[    c-scripting-core] Creating script environments for qbx_vehiclesales
[           resources] Started resource qbx_vehiclesales
[    c-scripting-core] Creating script environments for qbx_vehicleshop
[           resources] Started resource qbx_vehicleshop
[    c-scripting-core] Creating script environments for PolyZone
[           resources] Started resource PolyZone
[    c-scripting-core] Creating script environments for Renewed-Weathersync
[           resources] Started resource Renewed-Weathersync
[    c-scripting-core] Creating script environments for bl_bridge
[    script:bl_bridge] [ox] Loaded module inventory
[    script:bl_bridge] [qb] Loaded module core
[    script:bl_bridge] [ox] Loaded module notify
[           resources] Started resource bl_bridge
[           resources] Started resource bob74_ipl
[           resources] Started resource cfx-anes-gates
[    c-scripting-core] Creating script environments for screenshot-basic
[           resources] Started resource screenshot-basic
[    c-scripting-core] Creating script environments for discord-screenshot
[           resources] Started resource discord-screenshot
[           resources] Started resource fivem-freecam
[    c-scripting-core] Creating script environments for fm-logs
[      script:fm-logs] --------------------------------------------------
[      script:fm-logs] |                                                |
[      script:fm-logs] |                 FIVEMERR LOGGER                |
[      script:fm-logs] |                   NOT STARTED                  |
[      script:fm-logs] |                  VERSION 1.0.2                 |
[      script:fm-logs] |                                                |
[      script:fm-logs] --------------------------------------------------
[           resources] Started resource fm-logs
[    c-scripting-core] Creating script environments for illenium-appearance
[           resources] Started resource illenium-appearance
[    c-scripting-core] Creating script environments for interact-sound
[           resources] Started resource interact-sound
[           resources] Started resource mhacking
[           resources] Started resource safecracker
[    c-scripting-core] Creating script environments for scully_emotemenu
[script:scully_emotem] [scully_emotemenu] [INFO] Prop dump created.
[           resources] Started resource scully_emotemenu
[    c-scripting-core] Creating script environments for ultra-voltlab
[           resources] Started resource ultra-voltlab
[    c-scripting-core] Creating script environments for pma-voice
[           resources] Started resource pma-voice
[    c-scripting-core] Creating script environments for mm_radio
[           resources] Started resource mm_radio
[resources:npwd_pefcl] Warning: could not find client_script `src/dist/client.js` (defined in fxmanifest.lua:17)
[resources:npwd_pefcl] Warning: could not find server_script `src/dist/server.js` (defined in fxmanifest.lua:21)
[resources:npwd_pefcl] Warning: could not find file `web/dist/index.html` (defined in fxmanifest.lua:23)
[           resources] Started resource npwd_pefcl (3 warnings)
[    c-scripting-core] Creating script environments for npwd_qbx_mail
[           resources] Started resource npwd_qbx_mail
[    c-scripting-core] Creating script environments for qbx_npwd
[           resources] Started resource qbx_npwd
[    c-scripting-core] Creating script environments for npwd
[           resources] Started resource npwd
[    c-scripting-core] Creating script environments for ND_Police
[           resources] Started resource ND_Police
[           resources] Started resource RageUI
[    c-scripting-core] Creating script environments for Syn_Sit
[           resources] Started resource Syn_Sit
[    c-scripting-core] Creating script environments for angelicxs-CivilianJobs
[           resources] Started resource angelicxs-CivilianJobs
[    c-scripting-core] Creating script environments for ars_ambulancejob
[           resources] Started resource ars_ambulancejob
[    c-scripting-core] Creating script environments for ars_hunting
[           resources] Started resource ars_hunting
[           resources] Started resource cdn-fool
[    c-scripting-core] Creating script environments for cdn-fuel
[           resources] Started resource cdn-fuel
[           resources] Started resource crouch_crawl
[    c-scripting-core] Creating script environments for cuchi_computer
[           resources] Started resource cuchi_computer
[    c-scripting-core] Creating script environments for cw-driftchip
[           resources] Started resource cw-driftchip
[    c-scripting-core] Creating script environments for cw-performance
[           resources] Started resource cw-performance
[    c-scripting-core] Creating script environments for cw-racingapp
[           resources] Started resource cw-racingapp
[    c-scripting-core] Creating script environments for cw-rep
[           resources] Started resource cw-rep
[    c-scripting-core] Creating script environments for dom_trucking
[           resources] Started resource dom_trucking
[    c-scripting-core] Creating script environments for hookers
[           resources] Started resource hookers
[           resources] Started resource idle
[    c-scripting-core] Creating script environments for it-drugs
[     script:it-drugs] [it-drugs] [INFO] Waiting for Database to be setup
[           resources] Started resource it-drugs
[    c-scripting-core] Creating script environments for jim-mining
[           resources] Started resource jim-mining
[    c-scripting-core] Creating script environments for jim-trains
[   script:jim-trains] Bridge: 'qb-target' export found 
[   script:jim-trains] Bridge: 'qb-core' export found 
[   script:jim-trains] Bridge: 'ox_target' export found 
[   script:jim-trains] Bridge: 'qbx_core' export found 
[   script:jim-trains] Bridge: 'ox_inventory' export found 
[   script:jim-trains] Bridge: 'ox_lib' export found 
[   script:jim-trains] Bridge: Loading 529 Items from ox_inventory
[   script:jim-trains] [35mBridge: Loading 882 Vehicles from qb-core
[   script:jim-trains] Bridge: Loading 1 Jobs from qbx_core	Bridge: Loading 1 Gangs from qbx_core
[           resources] Started resource jim-trains
[           resources] Started resource jim_bridge
[    c-scripting-core] Creating script environments for kloud-farmjob
[           resources] Started resource kloud-farmjob
[    c-scripting-core] Creating script environments for lunar_fishing
[           resources] Started resource lunar_fishing
[    c-scripting-core] Creating script environments for lvc
[           resources] Started resource lvc
[    c-scripting-core] Creating script environments for maji-gasdelivery
[           resources] Started resource maji-gasdelivery
[    c-scripting-core] Creating script environments for mri_Qbackpack
[           resources] Started resource mri_Qbackpack
[    c-scripting-core] Creating script environments for mri_Qblackout
[           resources] Started resource mri_Qblackout
[    c-scripting-core] Creating script environments for mri_Qblips
[           resources] Started resource mri_Qblips
[    c-scripting-core] Creating script environments for mri_Qboombox
[ script:mri_Qboombox] Recurso mri_Qboombox iniciado. Verificando/criando tabelas...
[resources:mri_Qboomb] Asset mri_Qboombox/gordela_boombox3.ydr uses 32.0 MiB of virtual memory.
[           resources] Started resource mri_Qboombox (1 warning)
[    c-scripting-core] Creating script environments for mri_Qbox
[           resources] Started resource mri_Qbox
[    c-scripting-core] Creating script environments for mri_Qcarkeys
[           resources] Started resource mri_Qcarkeys
[    c-scripting-core] Creating script environments for mri_Qcarwash
[           resources] Started resource mri_Qcarwash
[    c-scripting-core] Creating script environments for mri_Qchat
[           resources] Started resource mri_Qchat
[    c-scripting-core] Creating script environments for mri_Qcrafting
[           resources] Started resource mri_Qcrafting
[    c-scripting-core] Creating script environments for mri_Qdraw
[           resources] Started resource mri_Qdraw
[    c-scripting-core] Creating script environments for mri_Qelevators
[           resources] Started resource mri_Qelevators
[    c-scripting-core] Creating script environments for mri_QexoticPaints
[           resources] Started resource mri_QexoticPaints
[    c-scripting-core] Creating script environments for mri_Qfarm
[    script:mri_Qfarm] Recurso mri_Qfarm iniciado. Verificando/criando tabelas...
[           resources] Started resource mri_Qfarm
[    c-scripting-core] Creating script environments for mri_Qfleecaheist
[           resources] Started resource mri_Qfleecaheist
[    c-scripting-core] Creating script environments for mri_Qfps
[           resources] Started resource mri_Qfps
[    c-scripting-core] Creating script environments for mri_Qhud
[           resources] Started resource mri_Qhud
[    c-scripting-core] Creating script environments for mri_Qjobcenter
[           resources] Started resource mri_Qjobcenter
[    c-scripting-core] Creating script environments for mri_Qjobsystem
[           resources] Started resource mri_Qjobsystem
[           resources] Started resource mri_Qloadscreen
[    c-scripting-core] Creating script environments for mri_Qmarkerplacer
[           resources] Started resource mri_Qmarkerplacer
[           resources] Started resource mri_Qminigames
[    c-scripting-core] Creating script environments for mri_Qnitro
[           resources] Started resource mri_Qnitro
[    c-scripting-core] Creating script environments for mri_Qnpc
[           resources] Started resource mri_Qnpc
[    c-scripting-core] Creating script environments for mri_Qobjects
[           resources] Started resource mri_Qobjects
[    c-scripting-core] Creating script environments for mri_Qpaintjob
[           resources] Started resource mri_Qpaintjob
[    c-scripting-core] Creating script environments for mri_Qpets
[           resources] Started resource mri_Qpets
[    c-scripting-core] Creating script environments for mri_Qrobnpcs
[           resources] Started resource mri_Qrobnpcs
[    c-scripting-core] Creating script environments for mri_Qsafezones
[           resources] Started resource mri_Qsafezones
[    c-scripting-core] Creating script environments for mri_Qspotlights
[           resources] Started resource mri_Qspotlights
[    c-scripting-core] Creating script environments for mri_Qstarterpack
[           resources] Started resource mri_Qstarterpack
[    c-scripting-core] Creating script environments for mri_Qstashes
[           resources] Started resource mri_Qstashes
[    c-scripting-core] Creating script environments for mri_Qstorerobbery
[           resources] Started resource mri_Qstorerobbery
[           resources] Started resource mri_Qvehcontrol
[    c-scripting-core] Creating script environments for mri_Qvinewood
[script:mri_Qvinewood] [mri_Qvinewood] Framework found: qbcore
[           resources] Started resource mri_Qvinewood
[    c-scripting-core] Creating script environments for mri_Qwhitelist
[script:mri_Qwhitelis] Warning: could not load 'locales/en.json'
[script:mri_Qwhitelis] Warning: could not load 'locales/pt-br.json'
[           resources] Started resource mri_Qwhitelist
[    c-scripting-core] Creating script environments for object_gizmo
[           resources] Started resource object_gizmo
[    c-scripting-core] Creating script environments for ox_compat
[           resources] Started resource ox_compat
[    c-scripting-core] Creating script environments for pickle_prisons
[           resources] Started resource pickle_prisons
[    c-scripting-core] Creating script environments for pickle_waypoints
[           resources] Started resource pickle_waypoints
[    c-scripting-core] Creating script environments for pickle_weaponthrowing
[           resources] Started resource pickle_weaponthrowing
[    c-scripting-core] Creating script environments for ps-adminmenu
[           resources] Started resource ps-adminmenu
[    c-scripting-core] Creating script environments for ps-banking
[           resources] Started resource ps-banking
[    c-scripting-core] Creating script environments for ps-buffs
[           resources] Started resource ps-buffs
[    c-scripting-core] Creating script environments for ps-dispatch
[           resources] Started resource ps-dispatch
[    c-scripting-core] Creating script environments for ps-housing
[           resources] Started resource ps-housing
[    c-scripting-core] Creating script environments for ps-hud
[           resources] Started resource ps-hud
[    c-scripting-core] Creating script environments for ps-mdt
[           resources] Started resource ps-mdt
[    c-scripting-core] Creating script environments for ps-realtor
[           resources] Started resource ps-realtor
[    c-scripting-core] Creating script environments for randol_cargo
[           resources] Started resource randol_cargo
[    c-scripting-core] Creating script environments for randol_carheist
[           resources] Started resource randol_carheist
[    c-scripting-core] Creating script environments for randol_carmeet
[           resources] Started resource randol_carmeet
[    c-scripting-core] Creating script environments for randol_cityworker
[           resources] Started resource randol_cityworker
[    c-scripting-core] Creating script environments for randol_combatlog
[           resources] Started resource randol_combatlog
[    c-scripting-core] Creating script environments for randol_exporting
[           resources] Started resource randol_exporting
[    c-scripting-core] Creating script environments for randol_ghosthunting
[           resources] Started resource randol_ghosthunting
[    c-scripting-core] Creating script environments for randol_gscache
[           resources] Started resource randol_gscache
[    c-scripting-core] Creating script environments for randol_notes
[           resources] Started resource randol_notes
[    c-scripting-core] Creating script environments for randol_stresszones
[           resources] Started resource randol_stresszones
[           resources] Started resource rep-enginewire
[    c-scripting-core] Creating script environments for rep-talkNPC
[           resources] Started resource rep-talkNPC
[    c-scripting-core] Creating script environments for rhd_garage
[           resources] Started resource rhd_garage
[           resources] Stopping resource mri_Qhud
[    c-scripting-core] Creating script environments for meu_blipmarker
[script:meu_blipmarke] [---------------------------------------------------------------]
[script:meu_blipmarke]           Script Carregado com Sucesso! - meu_blipmarker
[script:meu_blipmarke] [---------------------------------------------------------------]
[           resources] Started resource meu_blipmarker
[    c-scripting-core] Creating script environments for meu_drawmarker
[script:meu_drawmarke] [---------------------------------------------------------------]
[script:meu_drawmarke]           Script Carregado com Sucesso! - meu_drawmarker
[script:meu_drawmarke] [---------------------------------------------------------------]
[           resources] Started resource meu_drawmarker
[    c-scripting-core] Creating script environments for meu_zonas
[    script:meu_zonas] [---------------------------------------------------------------]
[    script:meu_zonas]           Script Carregado com Sucesso! - meu_zonas
[    script:meu_zonas] [---------------------------------------------------------------]
[           resources] Started resource meu_zonas
[ citizen-server-main] Warning: The players.json endpoint has been modified to no longer return the player identifiers without authentication.
[ citizen-server-main] To learn more about this change read our announcement at https://aka.cfx.re/players-json-privacy
[     script:mri_Qbox] Servidor de métricas rodando na porta 9100
[script:scully_emotem] [scully_emotemenu] [ERROR] Currently unable to run a version check.
[   script:jim-trains] 'jim_bridge' - You are running the latest version. (1.0.14)
[   script:jim-trains] Version Check: Running: 1.0 Latest: 1.0
[   script:jim-trains] 'jim-trains' - You are running the latest version. (1.0)
[ citizen-server-impl] server thread hitch warning: timer interval of 2257 milliseconds
[     script:cdn-fuel] 
[     script:cdn-fuel] ----------------------------------------------------------------------------------
[     script:cdn-fuel] cdn-fuel (cdn-fuel)'s latest version is: 2.1.9!
[     script:cdn-fuel] Your current version: 2.1.9!
[     script:cdn-fuel] If needed, update from https://github.com/CodineDev/cdn-fuel
[     script:cdn-fuel] ----------------------------------------------------------------------------------
[      script:oxmysql] [10.4.32-MariaDB] Database server connection established!
[    script:mri_Qfarm] Tabela verificada/criada: 1
[    script:mri_Qfarm] Todas as tabelas foram verificadas/criadas.
[ script:mri_Qboombox] Tabela verificada/criada: 1
[   script:ps-housing] Tabela `properties` carregada com sucesso!
[ script:mri_Qboombox] Tabela verificada/criada: 2
[ script:mri_Qboombox] Tabela verificada/criada: 3
[ script:mri_Qboombox] Tabela verificada/criada: 4
[ script:mri_Qboombox] Todas as tabelas foram verificadas/criadas.
[     script:qbx_core] [qbx_core] [INFO] Removed invalid groups from player_groups table
[       script:ox_lib] An update is available for mm_radio (current version: 2.0.6)
[       script:ox_lib] https://github.com/SOH69/mm_radio/releases/tag/v2.0.7
[       script:ox_lib] An update is available for qbx_management (current version: 1.1.0)
[       script:ox_lib] https://github.com/Qbox-project/qbx_management/releases/tag/v1.3.3
[       script:ox_lib] An update is available for illenium-appearance (current version: 5.6.1)
[       script:ox_lib] https://github.com/iLLeniumStudios/illenium-appearance/releases/tag/v5.7.0
[       script:ox_lib] An update is available for ox_doorlock (current version: 1.16.1)
[       script:ox_lib] https://github.com/overextended/ox_doorlock/releases/tag/v1.18.0
[script:kloud-farmjob] QB Core found! Loading QB Core functions
[       script:ox_lib] An update is available for qbx_vehicles (current version: 1.4.1)
[       script:ox_lib] https://github.com/Qbox-project/qbx_vehicles/releases/tag/v1.4.2
[ citizen-server-impl]         fff                          
[ citizen-server-impl]   cccc ff   xx  xx     rr rr    eee  
[ citizen-server-impl] cc     ffff   xx       rrr  r ee   e 
[ citizen-server-impl] cc     ff     xx   ... rr     eeeee  
[ citizen-server-impl]  ccccc ff   xx  xx ... rr      eeeee 
[ citizen-server-impl]                                      
[ citizen-server-impl] Authenticated with cfx.re Nucleus: https://sergiobole-zy774d.users.cfx.re/
[       script:ox_lib] An update is available for qbx_fireworks (current version: 1.2.1)
[       script:ox_lib] https://github.com/Qbox-project/qbx_fireworks/releases/tag/v1.3.0
[ script:ox_inventory] [ox_inventory] [INFO] Inventory has loaded 529 items
[script:kloud-farmjob] Thanks for using my script! For support and questions join my Discord Server! 
[script:kloud-farmjob] https://discord.gg/hpmN8D4JZt
[          script:lvc] 
[          script:lvc] 	 ________________________________________________________
[          script:lvc] 	|	      __                       ___               |
[          script:lvc] 	|	     / /       /\   /\        / __\              |
[          script:lvc] 	|	    / /        \ \ / /       / /                 |
[          script:lvc] 	|	   / /___       \ V /       / /___               |
[          script:lvc] 	|	   \____/uxart   \_/ ehicle \____/ontrol         |
[          script:lvc] 	|	                                                 |
[          script:lvc] 	|	            COMMUNITY ID: qbox                   |
[          script:lvc] 	|________________________________________________________|
[          script:lvc] 	|	           INSTALLED: 3.2.9                      |
[          script:lvc] 	|	       LATEST STABLE: 3.2.9                      |
[          script:lvc] 	|________________________________________________________|
[          script:lvc] 	|      Updates, Support, Feedback: discord.link/LVC      |
[          script:lvc] 	|________________________________________________________|
[          script:lvc] 
[          script:lvc] 
[     script:mri_Qbox] Jogador: Sergio, Identificador #1: license:6f7c8993bc7065fc5cac102935b75c463236daa0
[     script:mri_Qbox] Jogador: Sergio, Identificador #2: xbl:2535435927063030
[     script:mri_Qbox] Jogador: Sergio, Identificador #3: live:1899945750878419
[     script:mri_Qbox] Jogador: Sergio, Identificador #4: discord:966568106556293140
[     script:mri_Qbox] Jogador: Sergio, Identificador #5: license2:16f5124299c3debcbc5c6bb9dd13466fe4733bde
[     script:mri_Qbox] Jogador: Sergio, Identificador #6: ip:26.192.2.4
[script:qbx_jewelery:] Warning: [natives] TRIGGER_CLIENT_EVENT_INTERNAL: client 1 is not the same as the target 65536. This happens when the oldId from the playerJoining event is used. Use source instead.
[ citizen-server-impl] server thread hitch warning: timer interval of 285 milliseconds
[     script:it-drugs] [it-drugs] [INFO] Getting position for dealer ID	seed_dealer
[     script:it-drugs] [it-drugs] [INFO] Dealer Position	vec4(-49.424400, 1903.671387, 194.361298, 95.721298)
[ citizen-server-impl] server thread hitch warning: timer interval of 151 milliseconds
[   script:rhd_garage] [rhd_garage] [INFO] Remove cache from Sergio
[script:pickle_prison] SCRIPT ERROR: @pickle_prisons/bridge/qb/server.lua:19: attempt to index a nil value
[             TXADMIN] ================================================================ 
[             TXADMIN] ======== [17136] FXServer Starting - 01/03/2025 11:10:25         
[             TXADMIN] ================================================================ 
[           resources] Scanning resources.
[           resources] Found 182 resources.
[          svadhesive] Authenticating server license key...
[          svadhesive] Server license key authentication succeeded. Welcome!
[    c-scripting-core] Creating script environments for sessionmanager
[           resources] Started resource sessionmanager
[    c-scripting-core] Creating script environments for monitor
[      script:monitor] [txAdmin] Resource v7.3.2 threads and commands set up. All Ready.
[           resources] Started resource monitor
[resources:K9addon:st] Asset K9addon/a_c_k9^head_diff_000_a_whi.ytd uses 32.0 MiB of physical memory.
[resources:K9addon:st] Asset K9addon/a_c_k9^head_diff_000_b_whi.ytd uses 32.0 MiB of physical memory.
[resources:K9addon:st] Asset K9addon/a_c_k9^head_diff_000_c_whi.ytd uses 32.0 MiB of physical memory.
[resources:K9addon:st] Asset K9addon/a_c_k9^head_diff_000_d_whi.ytd uses 32.0 MiB of physical memory.
[           resources] Started resource K9addon (4 warnings)
[           resources] Started resource dealer_map
[           resources] Started resource gordela_petshop
[           resources] Started resource gordela_props
[resources:gordela_sh] Asset gordela_shells_free/gg_shell_03.ydr uses 24.8 MiB of physical memory.
[resources:gordela_sh] Asset gordela_shells_free/gg_shell_04.ydr uses 30.2 MiB of physical memory.
[resources:gordela_sh] Asset gordela_shells_free/gg_shells_favela.ytd uses 96.0 MiB of physical memory. Oversized assets can and WILL lead to streaming issues (such as models not loading/rendering).
[           resources] Started resource gordela_shells_free (3 warnings)
[           resources] Started resource hospital_map
[           resources] Started resource prison_canteen
[resources:prison_mai] Asset prison_main/desertos_prison.ytd uses 30.5 MiB of physical memory.
[           resources] Started resource prison_main (1 warning)
[           resources] Started resource prison_meeting
[    c-scripting-core] Creating script environments for mapmanager
[           resources] Started resource mapmanager
[           resources] Started resource spawnmanager
[    c-scripting-core] Creating script environments for hardcap
[           resources] Started resource hardcap
[    c-scripting-core] Creating script environments for baseevents
[           resources] Started resource baseevents
[    c-scripting-core] Creating script environments for ox_lib
[           resources] Started resource ox_lib
[    c-scripting-core] Creating script environments for oxmysql
[           resources] Started resource oxmysql
[    c-scripting-core] Creating script environments for qbx_core
[     script:qbx_core] [qbx_core] [INFO] Stopping hardcap...
[           resources] Stopping resource hardcap
[           resources] Started resource qbx_core
[    c-scripting-core] Creating script environments for ox_target
[           resources] Started resource ox_target
[    c-scripting-core] Creating script environments for ox_doorlock
[           resources] Started resource ox_doorlock
[    c-scripting-core] Creating script environments for ox_inventory
[           resources] Started resource ox_inventory
[    c-scripting-core] Creating script environments for qbx_adminmenu
[           resources] Started resource qbx_adminmenu
[    c-scripting-core] Creating script environments for qbx_bankrobbery
[           resources] Started resource qbx_bankrobbery
[    c-scripting-core] Creating script environments for qbx_binoculars
[           resources] Started resource qbx_binoculars
[    c-scripting-core] Creating script environments for qbx_cityhall
[           resources] Started resource qbx_cityhall
[    c-scripting-core] Creating script environments for qbx_customs
[           resources] Started resource qbx_customs
[           resources] Started resource qbx_density
[    c-scripting-core] Creating script environments for qbx_drugs
[           resources] Started resource qbx_drugs
[    c-scripting-core] Creating script environments for qbx_fireworks
[           resources] Started resource qbx_fireworks
[    c-scripting-core] Creating script environments for qbx_garbagejob
[           resources] Started resource qbx_garbagejob
[    c-scripting-core] Creating script environments for qbx_houserobbery
[           resources] Started resource qbx_houserobbery
[           resources] Started resource MugShotBase64
[    c-scripting-core] Creating script environments for qbx_idcard
[           resources] Started resource qbx_idcard
[    c-scripting-core] Creating script environments for qbx_interior
[           resources] Started resource qbx_interior
[    c-scripting-core] Creating script environments for qbx_jewelery
[           resources] Started resource qbx_jewelery
[           resources] Started resource qbx_lockpick
[    c-scripting-core] Creating script environments for qbx_management
[           resources] Started resource qbx_management
[    c-scripting-core] Creating script environments for qbx_mechanicjob
[           resources] Started resource qbx_mechanicjob
[    c-scripting-core] Creating script environments for qbx_pawnshop
[           resources] Started resource qbx_pawnshop
[    c-scripting-core] Creating script environments for qbx_photomode
[           resources] Started resource qbx_photomode
[    c-scripting-core] Creating script environments for qbx_properties
[           resources] Started resource qbx_properties
[    c-scripting-core] Creating script environments for qbx_radialmenu
[           resources] Started resource qbx_radialmenu
[    c-scripting-core] Creating script environments for qbx_recyclejob
[           resources] Started resource qbx_recyclejob
[    c-scripting-core] Creating script environments for qbx_scrapyard
[           resources] Started resource qbx_scrapyard
[    c-scripting-core] Creating script environments for qbx_seatbelt
[           resources] Started resource qbx_seatbelt
[    c-scripting-core] Creating script environments for qbx_smallresources
[           resources] Started resource qbx_smallresources
[    c-scripting-core] Creating script environments for qbx_spawn
[           resources] Started resource qbx_spawn
[    c-scripting-core] Creating script environments for qbx_towjob
[           resources] Started resource qbx_towjob
[    c-scripting-core] Creating script environments for qbx_truckrobbery
[           resources] Started resource qbx_truckrobbery
[    c-scripting-core] Creating script environments for qbx_vehiclefailure
[           resources] Started resource qbx_vehiclefailure
[    c-scripting-core] Creating script environments for qbx_vehicles
[           resources] Started resource qbx_vehicles
[    c-scripting-core] Creating script environments for qbx_vehiclesales
[           resources] Started resource qbx_vehiclesales
[    c-scripting-core] Creating script environments for qbx_vehicleshop
[           resources] Started resource qbx_vehicleshop
[    c-scripting-core] Creating script environments for PolyZone
[           resources] Started resource PolyZone
[    c-scripting-core] Creating script environments for Renewed-Weathersync
[           resources] Started resource Renewed-Weathersync
[    c-scripting-core] Creating script environments for bl_bridge
[    script:bl_bridge] [ox] Loaded module inventory
[    script:bl_bridge] [qb] Loaded module core
[    script:bl_bridge] [ox] Loaded module notify
[           resources] Started resource bl_bridge
[           resources] Started resource bob74_ipl
[           resources] Started resource cfx-anes-gates
[    c-scripting-core] Creating script environments for screenshot-basic
[           resources] Started resource screenshot-basic
[    c-scripting-core] Creating script environments for discord-screenshot
[           resources] Started resource discord-screenshot
[           resources] Started resource fivem-freecam
[    c-scripting-core] Creating script environments for fm-logs
[      script:fm-logs] --------------------------------------------------
[      script:fm-logs] |                                                |
[      script:fm-logs] |                 FIVEMERR LOGGER                |
[      script:fm-logs] |                   NOT STARTED                  |
[      script:fm-logs] |                  VERSION 1.0.2                 |
[      script:fm-logs] |                                                |
[      script:fm-logs] --------------------------------------------------
[           resources] Started resource fm-logs
[    c-scripting-core] Creating script environments for illenium-appearance
[           resources] Started resource illenium-appearance
[    c-scripting-core] Creating script environments for interact-sound
[           resources] Started resource interact-sound
[           resources] Started resource mhacking
[           resources] Started resource safecracker
[    c-scripting-core] Creating script environments for scully_emotemenu
[script:scully_emotem] [scully_emotemenu] [INFO] Prop dump created.
[           resources] Started resource scully_emotemenu
[    c-scripting-core] Creating script environments for ultra-voltlab
[           resources] Started resource ultra-voltlab
[    c-scripting-core] Creating script environments for pma-voice
[           resources] Started resource pma-voice
[    c-scripting-core] Creating script environments for mm_radio
[           resources] Started resource mm_radio
[resources:npwd_pefcl] Warning: could not find client_script `src/dist/client.js` (defined in fxmanifest.lua:17)
[resources:npwd_pefcl] Warning: could not find server_script `src/dist/server.js` (defined in fxmanifest.lua:21)
[resources:npwd_pefcl] Warning: could not find file `web/dist/index.html` (defined in fxmanifest.lua:23)
[           resources] Started resource npwd_pefcl (3 warnings)
[    c-scripting-core] Creating script environments for npwd_qbx_mail
[           resources] Started resource npwd_qbx_mail
[    c-scripting-core] Creating script environments for qbx_npwd
[           resources] Started resource qbx_npwd
[    c-scripting-core] Creating script environments for npwd
[           resources] Started resource npwd
[    c-scripting-core] Creating script environments for ND_Police
[           resources] Started resource ND_Police
[           resources] Started resource RageUI
[    c-scripting-core] Creating script environments for Syn_Sit
[           resources] Started resource Syn_Sit
[    c-scripting-core] Creating script environments for angelicxs-CivilianJobs
[           resources] Started resource angelicxs-CivilianJobs
[    c-scripting-core] Creating script environments for ars_ambulancejob
[           resources] Started resource ars_ambulancejob
[    c-scripting-core] Creating script environments for ars_hunting
[           resources] Started resource ars_hunting
[           resources] Started resource cdn-fool
[    c-scripting-core] Creating script environments for cdn-fuel
[           resources] Started resource cdn-fuel
[           resources] Started resource crouch_crawl
[    c-scripting-core] Creating script environments for cuchi_computer
[           resources] Started resource cuchi_computer
[    c-scripting-core] Creating script environments for cw-driftchip
[           resources] Started resource cw-driftchip
[    c-scripting-core] Creating script environments for cw-performance
[           resources] Started resource cw-performance
[    c-scripting-core] Creating script environments for cw-racingapp
[           resources] Started resource cw-racingapp
[    c-scripting-core] Creating script environments for cw-rep
[           resources] Started resource cw-rep
[    c-scripting-core] Creating script environments for dom_trucking
[           resources] Started resource dom_trucking
[    c-scripting-core] Creating script environments for hookers
[           resources] Started resource hookers
[           resources] Started resource idle
[    c-scripting-core] Creating script environments for it-drugs
[     script:it-drugs] [it-drugs] [INFO] Waiting for Database to be setup
[           resources] Started resource it-drugs
[    c-scripting-core] Creating script environments for jim-mining
[           resources] Started resource jim-mining
[    c-scripting-core] Creating script environments for jim-trains
[   script:jim-trains] Bridge: 'qbx_core' export found 
[   script:jim-trains] Bridge: 'ox_target' export found 
[   script:jim-trains] Bridge: 'qb-target' export found 
[   script:jim-trains] Bridge: 'ox_inventory' export found 
[   script:jim-trains] Bridge: 'qb-core' export found 
[   script:jim-trains] Bridge: 'ox_lib' export found 
[   script:jim-trains] Bridge: Loading 529 Items from ox_inventory
[   script:jim-trains] Bridge: Loading 882 Vehicles from qb-core
[   script:jim-trains] Bridge: Loading 1 Jobs from qbx_core	Bridge: Loading 1 Gangs from qbx_core
[           resources] Started resource jim-trains
[           resources] Started resource jim_bridge
[    c-scripting-core] Creating script environments for kloud-farmjob
[           resources] Started resource kloud-farmjob
[    c-scripting-core] Creating script environments for lunar_fishing
[           resources] Started resource lunar_fishing
[    c-scripting-core] Creating script environments for lvc
[           resources] Started resource lvc
[    c-scripting-core] Creating script environments for maji-gasdelivery
[           resources] Started resource maji-gasdelivery
[    c-scripting-core] Creating script environments for mri_Qbackpack
[           resources] Started resource mri_Qbackpack
[    c-scripting-core] Creating script environments for mri_Qblackout
[           resources] Started resource mri_Qblackout
[    c-scripting-core] Creating script environments for mri_Qblips
[           resources] Started resource mri_Qblips
[    c-scripting-core] Creating script environments for mri_Qboombox
[ script:mri_Qboombox] Recurso mri_Qboombox iniciado. Verificando/criando tabelas...
[resources:mri_Qboomb] Asset mri_Qboombox/gordela_boombox3.ydr uses 32.0 MiB of virtual memory.
[           resources] Started resource mri_Qboombox (1 warning)
[    c-scripting-core] Creating script environments for mri_Qbox
[           resources] Started resource mri_Qbox
[    c-scripting-core] Creating script environments for mri_Qcarkeys
[           resources] Started resource mri_Qcarkeys
[    c-scripting-core] Creating script environments for mri_Qcarwash
[           resources] Started resource mri_Qcarwash
[    c-scripting-core] Creating script environments for mri_Qchat
[           resources] Started resource mri_Qchat
[    c-scripting-core] Creating script environments for mri_Qcrafting
[           resources] Started resource mri_Qcrafting
[    c-scripting-core] Creating script environments for mri_Qdraw
[           resources] Started resource mri_Qdraw
[    c-scripting-core] Creating script environments for mri_Qelevators
[           resources] Started resource mri_Qelevators
[    c-scripting-core] Creating script environments for mri_QexoticPaints
[           resources] Started resource mri_QexoticPaints
[    c-scripting-core] Creating script environments for mri_Qfarm
[    script:mri_Qfarm] Recurso mri_Qfarm iniciado. Verificando/criando tabelas...
[           resources] Started resource mri_Qfarm
[    c-scripting-core] Creating script environments for mri_Qfleecaheist
[           resources] Started resource mri_Qfleecaheist
[    c-scripting-core] Creating script environments for mri_Qfps
[           resources] Started resource mri_Qfps
[    c-scripting-core] Creating script environments for mri_Qhud
[           resources] Started resource mri_Qhud
[    c-scripting-core] Creating script environments for mri_Qjobcenter
[           resources] Started resource mri_Qjobcenter
[    c-scripting-core] Creating script environments for mri_Qjobsystem
[           resources] Started resource mri_Qjobsystem
[           resources] Started resource mri_Qloadscreen
[    c-scripting-core] Creating script environments for mri_Qmarkerplacer
[           resources] Started resource mri_Qmarkerplacer
[           resources] Started resource mri_Qminigames
[    c-scripting-core] Creating script environments for mri_Qnitro
[           resources] Started resource mri_Qnitro
[    c-scripting-core] Creating script environments for mri_Qnpc
[           resources] Started resource mri_Qnpc
[    c-scripting-core] Creating script environments for mri_Qobjects
[           resources] Started resource mri_Qobjects
[    c-scripting-core] Creating script environments for mri_Qpaintjob
[           resources] Started resource mri_Qpaintjob
[    c-scripting-core] Creating script environments for mri_Qpets
[           resources] Started resource mri_Qpets
[    c-scripting-core] Creating script environments for mri_Qrobnpcs
[           resources] Started resource mri_Qrobnpcs
[    c-scripting-core] Creating script environments for mri_Qsafezones
[           resources] Started resource mri_Qsafezones
[    c-scripting-core] Creating script environments for mri_Qspotlights
[           resources] Started resource mri_Qspotlights
[    c-scripting-core] Creating script environments for mri_Qstarterpack
[           resources] Started resource mri_Qstarterpack
[    c-scripting-core] Creating script environments for mri_Qstashes
[           resources] Started resource mri_Qstashes
[    c-scripting-core] Creating script environments for mri_Qstorerobbery
[           resources] Started resource mri_Qstorerobbery
[           resources] Started resource mri_Qvehcontrol
[    c-scripting-core] Creating script environments for mri_Qvinewood
[script:mri_Qvinewood] [mri_Qvinewood] Framework found: qbcore
[           resources] Started resource mri_Qvinewood
[    c-scripting-core] Creating script environments for mri_Qwhitelist
[script:mri_Qwhitelis] Warning: could not load 'locales/en.json'
[script:mri_Qwhitelis] Warning: could not load 'locales/pt-br.json'
[           resources] Started resource mri_Qwhitelist
[    c-scripting-core] Creating script environments for object_gizmo
[           resources] Started resource object_gizmo
[    c-scripting-core] Creating script environments for ox_compat
[           resources] Started resource ox_compat
[    c-scripting-core] Creating script environments for pickle_prisons
[           resources] Started resource pickle_prisons
[    c-scripting-core] Creating script environments for pickle_waypoints
[           resources] Started resource pickle_waypoints
[    c-scripting-core] Creating script environments for pickle_weaponthrowing
[           resources] Started resource pickle_weaponthrowing
[    c-scripting-core] Creating script environments for ps-adminmenu
[           resources] Started resource ps-adminmenu
[    c-scripting-core] Creating script environments for ps-banking
[           resources] Started resource ps-banking
[    c-scripting-core] Creating script environments for ps-buffs
[           resources] Started resource ps-buffs
[    c-scripting-core] Creating script environments for ps-dispatch
[           resources] Started resource ps-dispatch
[    c-scripting-core] Creating script environments for ps-housing
[           resources] Started resource ps-housing
[    c-scripting-core] Creating script environments for ps-hud
[           resources] Started resource ps-hud
[    c-scripting-core] Creating script environments for ps-mdt
[           resources] Started resource ps-mdt
[    c-scripting-core] Creating script environments for ps-realtor
[           resources] Started resource ps-realtor
[    c-scripting-core] Creating script environments for randol_cargo
[           resources] Started resource randol_cargo
[    c-scripting-core] Creating script environments for randol_carheist
[           resources] Started resource randol_carheist
[    c-scripting-core] Creating script environments for randol_carmeet
[           resources] Started resource randol_carmeet
[    c-scripting-core] Creating script environments for randol_cityworker
[           resources] Started resource randol_cityworker
[    c-scripting-core] Creating script environments for randol_combatlog
[           resources] Started resource randol_combatlog
[    c-scripting-core] Creating script environments for randol_exporting
[           resources] Started resource randol_exporting
[    c-scripting-core] Creating script environments for randol_ghosthunting
[           resources] Started resource randol_ghosthunting
[    c-scripting-core] Creating script environments for randol_gscache
[           resources] Started resource randol_gscache
[    c-scripting-core] Creating script environments for randol_notes
[           resources] Started resource randol_notes
[    c-scripting-core] Creating script environments for randol_stresszones
[           resources] Started resource randol_stresszones
[           resources] Started resource rep-enginewire
[    c-scripting-core] Creating script environments for rep-talkNPC
[           resources] Started resource rep-talkNPC
[    c-scripting-core] Creating script environments for rhd_garage
[           resources] Started resource rhd_garage
[           resources] Stopping resource mri_Qhud
[    c-scripting-core] Creating script environments for meu_blipmarker
[script:meu_blipmarke] [---------------------------------------------------------------]
[script:meu_blipmarke]           Script Carregado com Sucesso! - meu_blipmarker
[script:meu_blipmarke] [---------------------------------------------------------------]
[           resources] Started resource meu_blipmarker
[    c-scripting-core] Creating script environments for meu_drawmarker
[script:meu_drawmarke] [---------------------------------------------------------------]
[script:meu_drawmarke]           Script Carregado com Sucesso! - meu_drawmarker
[script:meu_drawmarke] [---------------------------------------------------------------]
[           resources] Started resource meu_drawmarker
[    c-scripting-core] Creating script environments for meu_zonas
[    script:meu_zonas] [---------------------------------------------------------------]
[    script:meu_zonas]           Script Carregado com Sucesso! - meu_zonas
[    script:meu_zonas] [---------------------------------------------------------------]
[           resources] Started resource meu_zonas
[ citizen-server-main] Warning: The players.json endpoint has been modified to no longer return the player identifiers without authentication.
[ citizen-server-main] To learn more about this change read our announcement at https://aka.cfx.re/players-json-privacy
[     script:mri_Qbox] Servidor de métricas rodando na porta 9100
[script:scully_emotem] [scully_emotemenu] [ERROR] Currently unable to run a version check.
[   script:jim-trains] 'jim_bridge' - You are running the latest version. (1.0.14)
[   script:jim-trains] Version Check: Running: 1.0 Latest: 1.0
[   script:jim-trains] 'jim-trains' - You are running the latest version. (1.0)
[ citizen-server-impl] server thread hitch warning: timer interval of 2127 milliseconds
[      script:oxmysql] [10.4.32-MariaDB] Database server connection established!
[ script:mri_Qboombox] Tabela verificada/criada: 1
[    script:mri_Qfarm] Tabela verificada/criada: 1
[    script:mri_Qfarm] Todas as tabelas foram verificadas/criadas.
[   script:ps-housing] Tabela `properties` carregada com sucesso!
[ script:mri_Qboombox] Tabela verificada/criada: 2
[     script:cdn-fuel] 
[     script:cdn-fuel] ----------------------------------------------------------------------------------
[     script:cdn-fuel] cdn-fuel (cdn-fuel)'s latest version is: 2.1.9!
[     script:cdn-fuel] Your current version: 2.1.9!
[     script:cdn-fuel] If needed, update from https://github.com/CodineDev/cdn-fuel
[     script:cdn-fuel] ----------------------------------------------------------------------------------
[       script:ox_lib] An update is available for mm_radio (current version: 2.0.6)
[       script:ox_lib] https://github.com/SOH69/mm_radio/releases/tag/v2.0.7
[       script:ox_lib] An update is available for qbx_management (current version: 1.1.0)
[       script:ox_lib] https://github.com/Qbox-project/qbx_management/releases/tag/v1.3.3
[       script:ox_lib] An update is available for ox_doorlock (current version: 1.16.1)
[       script:ox_lib] https://github.com/overextended/ox_doorlock/releases/tag/v1.18.0
[       script:ox_lib] An update is available for qbx_vehicles (current version: 1.4.1)
[       script:ox_lib] https://github.com/Qbox-project/qbx_vehicles/releases/tag/v1.4.2
[       script:ox_lib] An update is available for illenium-appearance (current version: 5.6.1)
[       script:ox_lib] https://github.com/iLLeniumStudios/illenium-appearance/releases/tag/v5.7.0
[script:kloud-farmjob] QB Core found! Loading QB Core functions
[ script:mri_Qboombox] Tabela verificada/criada: 3
[ script:mri_Qboombox] Tabela verificada/criada: 4
[ script:mri_Qboombox] Todas as tabelas foram verificadas/criadas.
[     script:qbx_core] [qbx_core] [INFO] Removed invalid groups from player_groups table
[ citizen-server-impl]         fff                          
[ citizen-server-impl]   cccc ff   xx  xx     rr rr    eee  
[ citizen-server-impl] cc     ffff   xx       rrr  r ee   e 
[ citizen-server-impl] cc     ff     xx   ... rr     eeeee  
[ citizen-server-impl]  ccccc ff   xx  xx ... rr      eeeee 
[ citizen-server-impl]                                      
[ citizen-server-impl] Authenticated with cfx.re Nucleus: https://sergiobole-zy774d.users.cfx.re/
[ script:ox_inventory] [ox_inventory] [INFO] Inventory has loaded 529 items
[script:kloud-farmjob] Thanks for using my script! For support and questions join my Discord Server! 
[script:kloud-farmjob] https://discord.gg/hpmN8D4JZt
[          script:lvc] 
[          script:lvc] 	 ________________________________________________________
[          script:lvc] 	|	      __                       ___               |
[          script:lvc] 	|	     / /       /\   /\        / __\              |
[          script:lvc] 	|	    / /        \ \ / /       / /                 |
[          script:lvc] 	|	   / /___       \ V /       / /___               |
[          script:lvc] 	|	   \____/uxart   \_/ ehicle \____/ontrol         |
[          script:lvc] 	|	                                                 |
[          script:lvc] 	|	            COMMUNITY ID: qbox                   |
[          script:lvc] 	|________________________________________________________|
[          script:lvc] 	|	           INSTALLED: 3.2.9                      |
[          script:lvc] 	|	       LATEST STABLE: 3.2.9                      |
[          script:lvc] 	|________________________________________________________|
[          script:lvc] 	|      Updates, Support, Feedback: discord.link/LVC      |
[          script:lvc] 	|________________________________________________________|
[          script:lvc] 
[          script:lvc] 
[ citizen-server-impl] server thread hitch warning: timer interval of 160 milliseconds
[ citizen-server-impl] server thread hitch warning: timer interval of 185 milliseconds
[ citizen-server-impl] server thread hitch warning: timer interval of 162 milliseconds
[     script:mri_Qbox] Jogador: Sergio, Identificador #1: license:6f7c8993bc7065fc5cac102935b75c463236daa0
[     script:mri_Qbox] Jogador: Sergio, Identificador #2: xbl:2535435927063030
[     script:mri_Qbox] Jogador: Sergio, Identificador #3: live:1899945750878419
[     script:mri_Qbox] Jogador: Sergio, Identificador #4: discord:966568106556293140
[     script:mri_Qbox] Jogador: Sergio, Identificador #5: license2:16f5124299c3debcbc5c6bb9dd13466fe4733bde
[     script:mri_Qbox] Jogador: Sergio, Identificador #6: ip:26.192.2.4
[script:qbx_jewelery:] Warning: [natives] TRIGGER_CLIENT_EVENT_INTERNAL: client 1 is not the same as the target 65536. This happens when the oldId from the playerJoining event is used. Use source instead.
[ citizen-server-impl] server thread hitch warning: timer interval of 162 milliseconds
[ citizen-server-impl] server thread hitch warning: timer interval of 219 milliseconds
[     script:it-drugs] [it-drugs] [INFO] Getting position for dealer ID	seed_dealer
[     script:it-drugs] [it-drugs] [INFO] Dealer Position	vec4(2414.246338, 5003.846191, 45.665501, 40.893200)
[   script:rhd_garage] [rhd_garage] [INFO] Remove cache from Sergio
[script:pickle_prison] SCRIPT ERROR: @pickle_prisons/bridge/qb/server.lua:19: attempt to index a nil value
