================================================================
======== txAdmin v7.3.2 atop fxserver 12949 Starting - 01/03/2025 07:24:22
================================================================
[07:50:11] txAdmin: Logger started
[07:50:34] txAdmin: Logger started
================================================================
======== txAdmin v7.3.2 atop fxserver 12949 Starting - 01/03/2025 09:47:50
================================================================
[09:48:10] txAdmin: Logger started
[09:53:05] [MffaH#1] Sergio: joined with identifiers [license:6f7c8993bc7065fc5cac102935b75c463236daa0; xbl:2535435927063030; live:1899945750878419; discord:966568106556293140; license2:16f5124299c3debcbc5c6bb9dd13466fe4733bde]
[09:53:52] [MffaH#1] Sergio: disconnected (Exiting)
[09:56:00] txAdmin: Logger started
[09:58:22] [ytPDD#1] Sergio: joined with identifiers [license:6f7c8993bc7065fc5cac102935b75c463236daa0; xbl:2535435927063030; live:1899945750878419; discord:966568106556293140; license2:16f5124299c3debcbc5c6bb9dd13466fe4733bde]
[10:02:40] [ytPDD#1] Sergio: caused an explosion (RAYGUN)
[10:02:43] [ytPDD#1] Sergio: caused an explosion (RAYGUN)
[10:02:45] [ytPDD#1] Sergio: caused an explosion (RAYGUN)
[10:02:47] [ytPDD#1] Sergio: caused an explosion (RAYGUN)
[10:02:49] [ytPDD#1] Sergio: caused an explosion (RAYGUN)
[10:02:52] [ytPDD#1] Sergio: caused an explosion (RAYGUN)
[10:02:55] [ytPDD#1] Sergio: caused an explosion (RAYGUN)
[10:02:58] [ytPDD#1] Sergio: caused an explosion (RAYGUN)
[10:03:02] [ytPDD#1] Sergio: caused an explosion (RAYGUN)
[10:03:06] [ytPDD#1] Sergio: caused an explosion (RAYGUN)
[10:03:08] [ytPDD#1] Sergio: caused an explosion (RAYGUN)
[10:03:10] [ytPDD#1] Sergio: caused an explosion (RAYGUN)
[10:03:13] [ytPDD#1] Sergio: caused an explosion (RAYGUN)
[10:03:16] [ytPDD#1] Sergio: caused an explosion (RAYGUN)
[10:03:17] [ytPDD#1] Sergio: caused an explosion (RAYGUN)
[10:03:19] [ytPDD#1] Sergio: died from suicide
[10:03:27] [ytPDD#1] Sergio: caused an explosion (RAYGUN)
[10:03:29] [ytPDD#1] Sergio: caused an explosion (RAYGUN)
[10:03:32] [ytPDD#1] Sergio: caused an explosion (RAYGUN)
[10:03:35] [ytPDD#1] Sergio: caused an explosion (RAYGUN)
[10:03:37] [ytPDD#1] Sergio: said "/-usePoint"
[10:03:37] [ytPDD#1] Sergio: said "/-usePoint"
[10:03:40] [ytPDD#1] Sergio: caused an explosion (RAYGUN)
[10:03:42] [ytPDD#1] Sergio: caused an explosion (RAYGUN)
[10:03:44] [ytPDD#1] Sergio: caused an explosion (RAYGUN)
[10:03:47] [ytPDD#1] Sergio: caused an explosion (RAYGUN)
[10:03:51] [ytPDD#1] Sergio: caused an explosion (RAYGUN)
[10:03:53] [ytPDD#1] Sergio: caused an explosion (RAYGUN)
[10:03:55] [ytPDD#1] Sergio: caused an explosion (RAYGUN)
[10:04:02] [ytPDD#1] Sergio: caused an explosion (RAYGUN)
[10:04:04] [ytPDD#1] Sergio: caused an explosion (RAYGUN)
[10:04:07] [ytPDD#1] Sergio: caused an explosion (RAYGUN)
[10:04:11] [ytPDD#1] Sergio: caused an explosion (RAYGUN)
[10:04:14] [ytPDD#1] Sergio: caused an explosion (RAYGUN)
[10:04:18] [ytPDD#1] Sergio: caused an explosion (RAYGUN)
[10:04:21] [ytPDD#1] Sergio: caused an explosion (RAYGUN)
[10:04:26] [ytPDD#1] Sergio: caused an explosion (RAYGUN)
[10:04:33] [ytPDD#1] Sergio: caused an explosion (RAYGUN)
[10:04:37] [ytPDD#1] Sergio: caused an explosion (RAYGUN)
[10:04:40] [ytPDD#1] Sergio: caused an explosion (CAR)
[10:04:47] [ytPDD#1] Sergio: caused an explosion (RAYGUN)
[10:05:01] [ytPDD#1] Sergio: caused an explosion (RAYGUN)
[10:05:03] [ytPDD#1] Sergio: caused an explosion (RAYGUN)
[10:05:06] [ytPDD#1] Sergio: caused an explosion (RAYGUN)
[10:05:08] [ytPDD#1] Sergio: caused an explosion (RAYGUN)
[10:05:10] [ytPDD#1] Sergio: caused an explosion (RAYGUN)
[10:08:03] [ytPDD#1] Sergio: disconnected (Exiting)
