{"level":"debug","message":"Marketplace service started","module":"marketplace","timestamp":"2025-03-01T10:50:05.589Z"}
{"level":"debug","message":"Call service started","module":"calls","timestamp":"2025-03-01T10:50:05.591Z"}
{"level":"debug","message":"Player Service started","module":"player","timestamp":"2025-03-01T10:50:05.591Z"}
{"level":"info","message":"Loading QBX bridge....","timestamp":"2025-03-01T10:50:05.591Z"}
{"level":"info","message":"QBX bridge initialized","timestamp":"2025-03-01T10:50:05.592Z"}
{"level":"debug","message":"Boot service started","module":"boot","timestamp":"2025-03-01T10:50:05.592Z"}
{"level":"debug","message":"Messages service started","module":"messages","timestamp":"2025-03-01T10:50:05.592Z"}
{"level":"debug","message":"Notes service started","module":"notes","timestamp":"2025-03-01T10:50:05.592Z"}
{"level":"debug","message":"Contacts service started","module":"contact","timestamp":"2025-03-01T10:50:05.593Z"}
{"level":"debug","message":"Photo service started","module":"photo","timestamp":"2025-03-01T10:50:05.608Z"}
{"level":"debug","message":"Twitter service started","module":"twitter","timestamp":"2025-03-01T10:50:05.609Z"}
{"level":"debug","message":"Match service started","module":"match","timestamp":"2025-03-01T10:50:05.609Z"}
{"level":"debug","message":"Beginning database schema validation","module":"boot","timestamp":"2025-03-01T10:50:08.955Z"}
{"level":"info","message":"Successfully started","timestamp":"2025-03-01T10:50:08.966Z"}
{"level":"info","message":"Executed query (SELECT COUNT(*) as count\n                       FROM information_schema.tables\n                       WHERE table_schema = ?\n                         AND table_name = ? [\"mri_kingroleplay_v2\",\"players\"]) in 188.0999ms'","module":"DBInterface","timestamp":"2025-03-01T10:50:10.144Z"}
{"level":"info","message":"Executed query (SHOW COLUMNS IN players []) in 16.905ms'","module":"DBInterface","timestamp":"2025-03-01T10:50:10.161Z"}
{"level":"debug","message":"Database schema successfully validated","module":"boot","timestamp":"2025-03-01T10:50:10.161Z"}
{"level":"debug","message":"Marketplace service started","module":"marketplace","timestamp":"2025-03-01T10:50:29.933Z"}
{"level":"debug","message":"Call service started","module":"calls","timestamp":"2025-03-01T10:50:29.936Z"}
{"level":"debug","message":"Player Service started","module":"player","timestamp":"2025-03-01T10:50:29.936Z"}
{"level":"info","message":"Loading QBX bridge....","timestamp":"2025-03-01T10:50:29.937Z"}
{"level":"info","message":"QBX bridge initialized","timestamp":"2025-03-01T10:50:29.937Z"}
{"level":"debug","message":"Boot service started","module":"boot","timestamp":"2025-03-01T10:50:29.937Z"}
{"level":"debug","message":"Messages service started","module":"messages","timestamp":"2025-03-01T10:50:29.938Z"}
{"level":"debug","message":"Notes service started","module":"notes","timestamp":"2025-03-01T10:50:29.938Z"}
{"level":"debug","message":"Contacts service started","module":"contact","timestamp":"2025-03-01T10:50:29.938Z"}
{"level":"debug","message":"Photo service started","module":"photo","timestamp":"2025-03-01T10:50:29.954Z"}
{"level":"debug","message":"Twitter service started","module":"twitter","timestamp":"2025-03-01T10:50:29.954Z"}
{"level":"debug","message":"Match service started","module":"match","timestamp":"2025-03-01T10:50:29.955Z"}
{"level":"debug","message":"Beginning database schema validation","module":"boot","timestamp":"2025-03-01T10:50:32.894Z"}
{"level":"info","message":"Successfully started","timestamp":"2025-03-01T10:50:32.905Z"}
{"level":"info","message":"Executed query (SELECT COUNT(*) as count\n                       FROM information_schema.tables\n                       WHERE table_schema = ?\n                         AND table_name = ? [\"mri_kingroleplay_v2\",\"players\"]) in 121.7136ms'","module":"DBInterface","timestamp":"2025-03-01T10:50:34.016Z"}
{"level":"info","message":"Executed query (SHOW COLUMNS IN players []) in 17.3496ms'","module":"DBInterface","timestamp":"2025-03-01T10:50:34.034Z"}
{"level":"debug","message":"Database schema successfully validated","module":"boot","timestamp":"2025-03-01T10:50:34.034Z"}
